<?xml version="1.0" encoding="UTF-8"?>
<!-- Generated by org.testng.reporters.JUnitReportReporter -->
<testsuite skipped="0" hostname="ATMECSINLT-002" name="com.konakart.searchproducttestscript.SearchProductTestScript" tests="4" failures="0" timestamp="09 Oct 2019 16:26:46 GMT" time="30.848" errors="0">
  <testcase name="OutComeOfSearch" time="2.802" classname="com.konakart.searchproducttestscript.SearchProductTestScript"/>
  <testcase name="OutComeOfSearch" time="2.386" classname="com.konakart.searchproducttestscript.SearchProductTestScript"/>
  <testcase name="OutComeOfSearch" time="12.874" classname="com.konakart.searchproducttestscript.SearchProductTestScript"/>
  <testcase name="OutComeOfSearch" time="12.786" classname="com.konakart.searchproducttestscript.SearchProductTestScript"/>
</testsuite> <!-- com.konakart.searchproducttestscript.SearchProductTestScript -->
