<?xml version="1.0" encoding="UTF-8"?>
<!-- Generated by org.testng.reporters.JUnitReportReporter -->
<testsuite skipped="0" hostname="ATMECSINLT-002" name="com.konakart.testscript.TestScript" tests="4" failures="0" timestamp="09 Oct 2019 08:42:30 GMT" time="27.952" errors="0">
  <testcase name="OutComeOfSearch" time="11.639" classname="com.konakart.testscript.TestScript"/>
  <testcase name="OutComeOfSearch" time="1.591" classname="com.konakart.testscript.TestScript"/>
  <testcase name="OutComeOfSearch" time="2.510" classname="com.konakart.testscript.TestScript"/>
  <testcase name="OutComeOfSearch" time="12.212" classname="com.konakart.testscript.TestScript"/>
</testsuite> <!-- com.konakart.testscript.TestScript -->
