<?xml version="1.0" encoding="UTF-8"?>
<!-- Generated by org.testng.reporters.JUnitReportReporter -->
<testsuite skipped="0" hostname="ATMECSINLT-002" name="com.konakart.searchproducttestscript.SpecificProductValidationScript" tests="1" failures="0" timestamp="09 Oct 2019 16:38:11 GMT" time="16.537" errors="0">
  <testcase name="navigateToProductDetails" time="16.537" classname="com.konakart.searchproducttestscript.SpecificProductValidationScript"/>
</testsuite> <!-- com.konakart.searchproducttestscript.SpecificProductValidationScript -->
